\BOOKMARK [1][-]{section.1}{\376\377\000I\000n\000t\000r\000o\000d\000u\000c\000t\000i\000o\000n}{}% 1
\BOOKMARK [2][-]{subsection.1.1}{\376\377\000A\000b\000o\000u\000t\000\040\000t\000h\000e\000s\000e\000\040\000n\000o\000t\000e\000s}{section.1}% 2
\BOOKMARK [2][-]{subsection.1.2}{\376\377\000R\000e\000c\000o\000m\000m\000e\000n\000d\000e\000d\000\040\000B\000i\000b\000l\000i\000o\000g\000r\000a\000p\000h\000y}{section.1}% 3
\BOOKMARK [2][-]{subsection.1.3}{\376\377\000T\000i\000p\000s\000\040\000t\000o\000\040\000e\000n\000h\000a\000n\000c\000e\000\040\000y\000o\000u\000r\000\040\000u\000n\000d\000e\000r\000s\000t\000a\000n\000d\000i\000n\000g}{section.1}% 4
\BOOKMARK [1][-]{section.2}{\376\377\000P\000r\000o\000b\000l\000e\000m\000s}{}% 5
\BOOKMARK [2][-]{subsection.2.1}{\376\377\000E\000l\000e\000c\000t\000r\000o\000s\000t\000a\000t\000i\000c\000s\000\040\000\050\000L\0001\000,\000\040\000L\0002\000\051}{section.2}% 6
\BOOKMARK [2][-]{subsection.2.2}{\376\377\000M\000u\000l\000t\000i\000p\000o\000l\000e\000s\000\040\000\050\000L\0003\000\051}{section.2}% 7
\BOOKMARK [2][-]{subsection.2.3}{\376\377\000M\000a\000c\000r\000o\000s\000c\000o\000p\000i\000c\000\040\000M\000e\000d\000i\000a\000\040\000\050\000L\0003\000,\000\040\000L\0004\000\051}{section.2}% 8
\BOOKMARK [2][-]{subsection.2.4}{\376\377\000L\000i\000g\000h\000t\000\040\000a\000n\000d\000\040\000P\000o\000l\000a\000r\000i\000s\000a\000t\000i\000o\000n\000\040\000\050\000L\0005\000,\000\040\000L\0006\000\051}{section.2}% 9
\BOOKMARK [2][-]{subsection.2.5}{\376\377\000W\000a\000v\000e\000g\000u\000i\000d\000e\000s\000\040\000a\000n\000d\000\040\000C\000a\000v\000i\000t\000i\000e\000s\000\040\000\050\000L\0007\000\040\000,\000\040\000L\0008\000\051}{section.2}% 10
\BOOKMARK [2][-]{subsection.2.6}{\376\377\000R\000a\000d\000i\000a\000t\000i\000o\000n\000\040\000a\000n\000d\000\040\000S\000c\000a\000t\000t\000e\000r\000i\000n\000g\000\040\000\050\000L\0009\000,\000\040\000L\0001\0000\000\051}{section.2}% 11
\BOOKMARK [2][-]{subsection.2.7}{\376\377\000C\000o\000v\000a\000r\000i\000a\000n\000t\000\040\000F\000o\000r\000m\000a\000l\000i\000s\000m\000\040\000o\000f\000\040\000E\000l\000e\000c\000t\000r\000o\000d\000y\000n\000a\000m\000i\000c\000s\000\040\000\050\000L\0001\0001\000,\000\040\000L\0001\0002\000\051}{section.2}% 12
\BOOKMARK [2][-]{subsection.2.8}{\376\377\000L\000a\000g\000r\000a\000n\000g\000i\000a\000n\000\040\000M\000a\000n\000i\000p\000u\000l\000a\000t\000i\000o\000n\000\040\000\050\000L\0001\0002\000,\000\040\000L\0001\0003\000\051}{section.2}% 13
\BOOKMARK [2][-]{subsection.2.9}{\376\377\000R\000a\000d\000i\000a\000t\000i\000o\000n\000\040\000a\000n\000d\000\040\000R\000e\000l\000a\000t\000i\000v\000i\000s\000t\000i\000c\000\040\000D\000y\000n\000a\000m\000i\000c\000s\000\040\000\050\000L\0001\0004\000\051}{section.2}% 14
\BOOKMARK [1][-]{section.3}{\376\377\000S\000o\000l\000u\000t\000i\000o\000n\000s}{}% 15
\BOOKMARK [2][-]{subsection.3.1}{\376\377\000E\000l\000e\000c\000t\000r\000o\000s\000t\000a\000t\000i\000c\000s}{section.3}% 16
\BOOKMARK [2][-]{subsection.3.2}{\376\377\000M\000u\000l\000t\000i\000p\000o\000l\000e\000s}{section.3}% 17
\BOOKMARK [2][-]{subsection.3.3}{\376\377\000M\000a\000c\000r\000o\000s\000c\000o\000p\000i\000c\000\040\000M\000e\000d\000i\000a}{section.3}% 18
\BOOKMARK [2][-]{subsection.3.4}{\376\377\000L\000i\000g\000h\000t\000\040\000a\000n\000d\000\040\000P\000o\000l\000a\000r\000i\000s\000a\000t\000i\000o\000n}{section.3}% 19
\BOOKMARK [2][-]{subsection.3.5}{\376\377\000W\000a\000v\000e\000g\000u\000i\000d\000e\000s\000\040\000a\000n\000d\000\040\000C\000a\000v\000i\000t\000i\000e\000s}{section.3}% 20
\BOOKMARK [2][-]{subsection.3.6}{\376\377\000R\000a\000d\000i\000a\000t\000i\000o\000n\000\040\000a\000n\000d\000\040\000S\000c\000a\000t\000t\000e\000r\000i\000n\000g}{section.3}% 21
\BOOKMARK [2][-]{subsection.3.7}{\376\377\000C\000o\000v\000a\000r\000i\000a\000n\000t\000\040\000F\000o\000r\000m\000a\000l\000i\000s\000m\000\040\000o\000f\000\040\000E\000l\000e\000c\000t\000r\000o\000d\000y\000n\000a\000m\000i\000c\000s}{section.3}% 22
\BOOKMARK [2][-]{subsection.3.8}{\376\377\000L\000a\000g\000r\000a\000n\000g\000i\000a\000n\000\040\000M\000a\000n\000i\000p\000u\000l\000a\000t\000i\000o\000n\000s}{section.3}% 23
\BOOKMARK [2][-]{subsection.3.9}{\376\377\000R\000a\000d\000i\000a\000t\000i\000o\000n\000\040\000a\000n\000d\000\040\000R\000e\000l\000a\000t\000i\000v\000i\000s\000t\000i\000c\000\040\000D\000y\000n\000a\000m\000i\000c\000s}{section.3}% 24
