This is pdfTeX, Version 3.141592653-2.6-1.40.24 (TeX Live 2022) (preloaded format=pdflatex 2022.7.14)  17 OCT 2023 18:23
entering extended mode
 \write18 enabled.
 file:line:error style messages enabled.
 %&-line parsing enabled.
**Electrodynamics_Solved_Problems
(./Electrodynamics_Solved_Problems.tex
LaTeX2e <2021-11-15> patch level 1
L3 programming layer <2022-02-24> (/usr/local/texlive/2022/texmf-dist/tex/latex/base/article.cls
Document Class: article 2021/10/04 v1.4n Standard LaTeX document class
(/usr/local/texlive/2022/texmf-dist/tex/latex/base/size12.clo
File: size12.clo 2021/10/04 v1.4n Standard LaTeX file (size option)
)
\c@part=\count185
\c@section=\count186
\c@subsection=\count187
\c@subsubsection=\count188
\c@paragraph=\count189
\c@subparagraph=\count190
\c@figure=\count191
\c@table=\count192
\abovecaptionskip=\skip47
\belowcaptionskip=\skip48
\bibindent=\dimen138
) (/usr/local/texlive/2022/texmf-dist/tex/latex/import/import.sty
Package: import 2020/04/01  v 6.2
) (/usr/local/texlive/2022/texmf-dist/tex/latex/xcolor/xcolor.sty
Package: xcolor 2021/10/31 v2.13 LaTeX color extensions (UK)
 (/usr/local/texlive/2022/texmf-dist/tex/latex/graphics-cfg/color.cfg
File: color.cfg 2016/01/02 v1.6 sample color configuration
)
Package xcolor Info: Driver file: pdftex.def on input line 227.
 (/usr/local/texlive/2022/texmf-dist/tex/latex/graphics-def/pdftex.def
File: pdftex.def 2020/10/05 v1.2a Graphics/color driver for pdftex
)
Package xcolor Info: Model `cmy' substituted by `cmy0' on input line 1352.
Package xcolor Info: Model `hsb' substituted by `rgb' on input line 1356.
Package xcolor Info: Model `RGB' extended on input line 1368.
Package xcolor Info: Model `HTML' substituted by `rgb' on input line 1370.
Package xcolor Info: Model `Hsb' substituted by `hsb' on input line 1371.
Package xcolor Info: Model `tHsb' substituted by `hsb' on input line 1372.
Package xcolor Info: Model `HSB' substituted by `hsb' on input line 1373.
Package xcolor Info: Model `Gray' substituted by `gray' on input line 1374.
Package xcolor Info: Model `wave' substituted by `hsb' on input line 1375.
) (/usr/local/texlive/2022/texmf-dist/tex/latex/mathtools/mathtools.sty
Package: mathtools 2022/02/07 v1.28a mathematical typesetting tools
 (/usr/local/texlive/2022/texmf-dist/tex/latex/graphics/keyval.sty
Package: keyval 2014/10/28 v1.15 key=value parser (DPC)
\KV@toks@=\toks16
) (/usr/local/texlive/2022/texmf-dist/tex/latex/tools/calc.sty
Package: calc 2017/05/25 v4.3 Infix arithmetic (KKT,FJ)
\calc@Acount=\count193
\calc@Bcount=\count194
\calc@Adimen=\dimen139
\calc@Bdimen=\dimen140
\calc@Askip=\skip49
\calc@Bskip=\skip50
LaTeX Info: Redefining \setlength on input line 80.
LaTeX Info: Redefining \addtolength on input line 81.
\calc@Ccount=\count195
\calc@Cskip=\skip51
) (/usr/local/texlive/2022/texmf-dist/tex/latex/mathtools/mhsetup.sty
Package: mhsetup 2021/03/18 v1.4 programming setup (MH)
) (/usr/local/texlive/2022/texmf-dist/tex/latex/amsmath/amsmath.sty
Package: amsmath 2021/10/15 v2.17l AMS math features
\@mathmargin=\skip52

For additional information on amsmath, use the `?' option.
(/usr/local/texlive/2022/texmf-dist/tex/latex/amsmath/amstext.sty
Package: amstext 2021/08/26 v2.01 AMS text
 (/usr/local/texlive/2022/texmf-dist/tex/latex/amsmath/amsgen.sty
File: amsgen.sty 1999/11/30 v2.0 generic functions
\@emptytoks=\toks17
\ex@=\dimen141
)) (/usr/local/texlive/2022/texmf-dist/tex/latex/amsmath/amsbsy.sty
Package: amsbsy 1999/11/29 v1.2d Bold Symbols
\pmbraise@=\dimen142
) (/usr/local/texlive/2022/texmf-dist/tex/latex/amsmath/amsopn.sty
Package: amsopn 2021/08/26 v2.02 operator names
)
\inf@bad=\count196
LaTeX Info: Redefining \frac on input line 234.
\uproot@=\count197
\leftroot@=\count198
LaTeX Info: Redefining \overline on input line 399.
\classnum@=\count199
\DOTSCASE@=\count266
LaTeX Info: Redefining \ldots on input line 496.
LaTeX Info: Redefining \dots on input line 499.
LaTeX Info: Redefining \cdots on input line 620.
\Mathstrutbox@=\box50
\strutbox@=\box51
\big@size=\dimen143
LaTeX Font Info:    Redeclaring font encoding OML on input line 743.
LaTeX Font Info:    Redeclaring font encoding OMS on input line 744.
\macc@depth=\count267
\c@MaxMatrixCols=\count268
\dotsspace@=\muskip16
\c@parentequation=\count269
\dspbrk@lvl=\count270
\tag@help=\toks18
\row@=\count271
\column@=\count272
\maxfields@=\count273
\andhelp@=\toks19
\eqnshift@=\dimen144
\alignsep@=\dimen145
\tagshift@=\dimen146
\tagwidth@=\dimen147
\totwidth@=\dimen148
\lineht@=\dimen149
\@envbody=\toks20
\multlinegap=\skip53
\multlinetaggap=\skip54
\mathdisplay@stack=\toks21
LaTeX Info: Redefining \[ on input line 2938.
LaTeX Info: Redefining \] on input line 2939.
)
\g_MT_multlinerow_int=\count274
\l_MT_multwidth_dim=\dimen150
\origjot=\skip55
\l_MT_shortvdotswithinadjustabove_dim=\dimen151
\l_MT_shortvdotswithinadjustbelow_dim=\dimen152
\l_MT_above_intertext_sep=\dimen153
\l_MT_below_intertext_sep=\dimen154
\l_MT_above_shortintertext_sep=\dimen155
\l_MT_below_shortintertext_sep=\dimen156
\xmathstrut@box=\box52
\xmathstrut@dim=\dimen157
) (/usr/local/texlive/2022/texmf-dist/tex/latex/hyperref/hyperref.sty
Package: hyperref 2022-02-21 v7.00n Hypertext links for LaTeX
 (/usr/local/texlive/2022/texmf-dist/tex/generic/ltxcmds/ltxcmds.sty
Package: ltxcmds 2020-05-10 v1.25 LaTeX kernel commands for general use (HO)
) (/usr/local/texlive/2022/texmf-dist/tex/generic/iftex/iftex.sty
Package: iftex 2022/02/03 v1.0f TeX engine tests
) (/usr/local/texlive/2022/texmf-dist/tex/generic/pdftexcmds/pdftexcmds.sty
Package: pdftexcmds 2020-06-27 v0.33 Utility functions of pdfTeX for LuaTeX (HO)
 (/usr/local/texlive/2022/texmf-dist/tex/generic/infwarerr/infwarerr.sty
Package: infwarerr 2019/12/03 v1.5 Providing info/warning/error messages (HO)
)
Package pdftexcmds Info: \pdf@primitive is available.
Package pdftexcmds Info: \pdf@ifprimitive is available.
Package pdftexcmds Info: \pdfdraftmode found.
) (/usr/local/texlive/2022/texmf-dist/tex/generic/kvsetkeys/kvsetkeys.sty
Package: kvsetkeys 2019/12/15 v1.18 Key value parser (HO)
) (/usr/local/texlive/2022/texmf-dist/tex/generic/kvdefinekeys/kvdefinekeys.sty
Package: kvdefinekeys 2019-12-19 v1.6 Define keys (HO)
) (/usr/local/texlive/2022/texmf-dist/tex/generic/pdfescape/pdfescape.sty
Package: pdfescape 2019/12/09 v1.15 Implements pdfTeX's escape features (HO)
) (/usr/local/texlive/2022/texmf-dist/tex/latex/hycolor/hycolor.sty
Package: hycolor 2020-01-27 v1.10 Color options for hyperref/bookmark (HO)
) (/usr/local/texlive/2022/texmf-dist/tex/latex/letltxmacro/letltxmacro.sty
Package: letltxmacro 2019/12/03 v1.6 Let assignment for LaTeX macros (HO)
) (/usr/local/texlive/2022/texmf-dist/tex/latex/auxhook/auxhook.sty
Package: auxhook 2019-12-17 v1.6 Hooks for auxiliary files (HO)
) (/usr/local/texlive/2022/texmf-dist/tex/latex/kvoptions/kvoptions.sty
Package: kvoptions 2020-10-07 v3.14 Key value format for package options (HO)
)
\@linkdim=\dimen158
\Hy@linkcounter=\count275
\Hy@pagecounter=\count276
 (/usr/local/texlive/2022/texmf-dist/tex/latex/hyperref/pd1enc.def
File: pd1enc.def 2022-02-21 v7.00n Hyperref: PDFDocEncoding definition (HO)
Now handling font encoding PD1 ...
... no UTF-8 mapping file for font encoding PD1
) (/usr/local/texlive/2022/texmf-dist/tex/generic/intcalc/intcalc.sty
Package: intcalc 2019/12/15 v1.3 Expandable calculations with integers (HO)
) (/usr/local/texlive/2022/texmf-dist/tex/generic/etexcmds/etexcmds.sty
Package: etexcmds 2019/12/15 v1.7 Avoid name clashes with e-TeX commands (HO)
)
\Hy@SavedSpaceFactor=\count277
 (/usr/local/texlive/2022/texmf-dist/tex/latex/hyperref/puenc.def
File: puenc.def 2022-02-21 v7.00n Hyperref: PDF Unicode definition (HO)
Now handling font encoding PU ...
... no UTF-8 mapping file for font encoding PU
)
Package hyperref Info: Option `linktocpage' set `true' on input line 4018.
Package hyperref Info: Hyper figures OFF on input line 4137.
Package hyperref Info: Link nesting OFF on input line 4142.
Package hyperref Info: Hyper index ON on input line 4145.
Package hyperref Info: Plain pages OFF on input line 4152.
Package hyperref Info: Backreferencing OFF on input line 4157.
Package hyperref Info: Implicit mode ON; LaTeX internals redefined.
Package hyperref Info: Bookmarks ON on input line 4390.
\c@Hy@tempcnt=\count278
 (/usr/local/texlive/2022/texmf-dist/tex/latex/url/url.sty
\Urlmuskip=\muskip17
Package: url 2013/09/16  ver 3.4  Verb mode for urls, etc.
)
LaTeX Info: Redefining \url on input line 4749.
\XeTeXLinkMargin=\dimen159
 (/usr/local/texlive/2022/texmf-dist/tex/generic/bitset/bitset.sty
Package: bitset 2019/12/09 v1.3 Handle bit-vector datatype (HO)
 (/usr/local/texlive/2022/texmf-dist/tex/generic/bigintcalc/bigintcalc.sty
Package: bigintcalc 2019/12/15 v1.5 Expandable calculations on big integers (HO)
))
\Fld@menulength=\count279
\Field@Width=\dimen160
\Fld@charsize=\dimen161
Package hyperref Info: Hyper figures OFF on input line 6027.
Package hyperref Info: Link nesting OFF on input line 6032.
Package hyperref Info: Hyper index ON on input line 6035.
Package hyperref Info: backreferencing OFF on input line 6042.
Package hyperref Info: Link coloring OFF on input line 6047.
Package hyperref Info: Link coloring with OCG OFF on input line 6052.
Package hyperref Info: PDF/A mode OFF on input line 6057.
LaTeX Info: Redefining \ref on input line 6097.
LaTeX Info: Redefining \pageref on input line 6101.
 (/usr/local/texlive/2022/texmf-dist/tex/latex/base/atbegshi-ltx.sty
Package: atbegshi-ltx 2021/01/10 v1.0c Emulation of the original atbegshi
package with kernel methods
)
\Hy@abspage=\count280
\c@Item=\count281
\c@Hfootnote=\count282
)
Package hyperref Info: Driver (autodetected): hpdftex.
 (/usr/local/texlive/2022/texmf-dist/tex/latex/hyperref/hpdftex.def
File: hpdftex.def 2022-02-21 v7.00n Hyperref driver for pdfTeX
 (/usr/local/texlive/2022/texmf-dist/tex/latex/base/atveryend-ltx.sty
Package: atveryend-ltx 2020/08/19 v1.0a Emulation of the original atveryend package
with kernel methods
)
\Fld@listcount=\count283
\c@bookmark@seq@number=\count284
 (/usr/local/texlive/2022/texmf-dist/tex/latex/rerunfilecheck/rerunfilecheck.sty
Package: rerunfilecheck 2019/12/05 v1.9 Rerun checks for auxiliary files (HO)
 (/usr/local/texlive/2022/texmf-dist/tex/generic/uniquecounter/uniquecounter.sty
Package: uniquecounter 2019/12/15 v1.4 Provide unlimited unique counter (HO)
)
Package uniquecounter Info: New unique counter `rerunfilecheck' on input line 286.
)
\Hy@SectionHShift=\skip56
) (/usr/local/texlive/2022/texmf-dist/tex/generic/soul/soul.sty
Package: soul 2003/11/17 v2.4 letterspacing/underlining (mf)
\SOUL@word=\toks22
\SOUL@lasttoken=\toks23
\SOUL@cmds=\toks24
\SOUL@buffer=\toks25
\SOUL@token=\toks26
\SOUL@spaceskip=\skip57
\SOUL@ttwidth=\dimen162
\SOUL@uldp=\dimen163
\SOUL@ulht=\dimen164
) (/usr/local/texlive/2022/texmf-dist/tex/latex/float/float.sty
Package: float 2001/11/08 v1.3d Float enhancements (AL)
\c@float@type=\count285
\float@exts=\toks27
\float@box=\box53
\@float@everytoks=\toks28
\@floatcapt=\box54
) (/usr/local/texlive/2022/texmf-dist/tex/latex/amsfonts/amsfonts.sty
Package: amsfonts 2013/01/14 v3.01 Basic AMSFonts support
\symAMSa=\mathgroup4
\symAMSb=\mathgroup5
LaTeX Font Info:    Redeclaring math symbol \hbar on input line 98.
LaTeX Font Info:    Overwriting math alphabet `\mathfrak' in version `bold'
(Font)                  U/euf/m/n --> U/euf/b/n on input line 106.
) (/usr/local/texlive/2022/texmf-dist/tex/latex/amscls/amsthm.sty
Package: amsthm 2020/05/29 v2.20.6
\thm@style=\toks29
\thm@bodyfont=\toks30
\thm@headfont=\toks31
\thm@notefont=\toks32
\thm@headpunct=\toks33
\thm@preskip=\skip58
\thm@postskip=\skip59
\thm@headsep=\skip60
\dth@everypar=\toks34
) (/usr/local/texlive/2022/texmf-dist/tex/latex/base/latexsym.sty
Package: latexsym 1998/08/17 v2.2e Standard LaTeX package (lasy symbols)
\symlasy=\mathgroup6
LaTeX Font Info:    Overwriting symbol font `lasy' in version `bold'
(Font)                  U/lasy/m/n --> U/lasy/b/n on input line 52.
) (/usr/local/texlive/2022/texmf-dist/tex/latex/cite/cite.sty
LaTeX Info: Redefining \cite on input line 302.
LaTeX Info: Redefining \nocite on input line 332.
Package: cite 2015/02/27  v 5.5
) (/usr/local/texlive/2022/texmf-dist/tex/latex/listings/listings.sty
\lst@mode=\count286
\lst@gtempboxa=\box55
\lst@token=\toks35
\lst@length=\count287
\lst@currlwidth=\dimen165
\lst@column=\count288
\lst@pos=\count289
\lst@lostspace=\dimen166
\lst@width=\dimen167
\lst@newlines=\count290
\lst@lineno=\count291
\lst@maxwidth=\dimen168
 (/usr/local/texlive/2022/texmf-dist/tex/latex/listings/lstmisc.sty
File: lstmisc.sty 2020/03/24 1.8d (Carsten Heinz)
\c@lstnumber=\count292
\lst@skipnumbers=\count293
\lst@framebox=\box56
) (/usr/local/texlive/2022/texmf-dist/tex/latex/listings/listings.cfg
File: listings.cfg 2020/03/24 1.8d listings configuration
))
Package: listings 2020/03/24 1.8d (Carsten Heinz)
 (/usr/local/texlive/2022/texmf-dist/tex/generic/babel/babel.sty
Package: babel 2022/02/26 3.73 The Babel package
\babel@savecnt=\count294
\U@D=\dimen169
\l@unhyphenated=\language87
 (/usr/local/texlive/2022/texmf-dist/tex/generic/babel/txtbabel.def)
\bbl@readstream=\read2
\bbl@dirlevel=\count295
 (/usr/local/texlive/2022/texmf-dist/tex/generic/babel-english/english.ldf
Language: english 2017/06/06 v3.3r English support from the babel system
Package babel Info: Hyphen rules for 'canadian' set to \l@english
(babel)             (\language0). Reported on input line 102.
Package babel Info: Hyphen rules for 'australian' set to \l@ukenglish
(babel)             (\language21). Reported on input line 105.
Package babel Info: Hyphen rules for 'newzealand' set to \l@ukenglish
(babel)             (\language21). Reported on input line 108.
)) (/usr/local/texlive/2022/texmf-dist/tex/latex/graphics/graphicx.sty
Package: graphicx 2021/09/16 v1.2d Enhanced LaTeX Graphics (DPC,SPQR)
 (/usr/local/texlive/2022/texmf-dist/tex/latex/graphics/graphics.sty
Package: graphics 2021/03/04 v1.4d Standard LaTeX Graphics (DPC,SPQR)
 (/usr/local/texlive/2022/texmf-dist/tex/latex/graphics/trig.sty
Package: trig 2021/08/11 v1.11 sin cos tan (DPC)
) (/usr/local/texlive/2022/texmf-dist/tex/latex/graphics-cfg/graphics.cfg
File: graphics.cfg 2016/06/04 v1.11 sample graphics configuration
)
Package graphics Info: Driver file: pdftex.def on input line 107.
)
\Gin@req@height=\dimen170
\Gin@req@width=\dimen171
) (/usr/local/texlive/2022/texmf-dist/tex/latex/sectsty/sectsty.sty
Package: sectsty 2002/02/25 v2.0.2 Commands to change all sectional heading styles


LaTeX Warning: Command \underbar  has changed.
               Check if current package is valid.


LaTeX Warning: Command \underline  has changed.
               Check if current package is valid.

) (/usr/local/texlive/2022/texmf-dist/tex/latex/booktabs/booktabs.sty
Package: booktabs 2020/01/12 v1.61803398 Publication quality tables
\heavyrulewidth=\dimen172
\lightrulewidth=\dimen173
\cmidrulewidth=\dimen174
\belowrulesep=\dimen175
\belowbottomsep=\dimen176
\aboverulesep=\dimen177
\abovetopsep=\dimen178
\cmidrulesep=\dimen179
\cmidrulekern=\dimen180
\defaultaddspace=\dimen181
\@cmidla=\count296
\@cmidlb=\count297
\@aboverulesep=\dimen182
\@belowrulesep=\dimen183
\@thisruleclass=\count298
\@lastruleclass=\count299
\@thisrulewidth=\dimen184
) (/usr/local/texlive/2022/texmf-dist/tex/latex/enumitem/enumitem.sty
Package: enumitem 2019/06/20 v3.9 Customized lists
\labelindent=\skip61
\enit@outerparindent=\dimen185
\enit@toks=\toks36
\enit@inbox=\box57
\enit@count@id=\count300
\enitdp@description=\count301
) (/usr/local/texlive/2022/texmf-dist/tex/latex/geometry/geometry.sty
Package: geometry 2020/01/02 v5.9 Page Geometry
 (/usr/local/texlive/2022/texmf-dist/tex/generic/iftex/ifvtex.sty
Package: ifvtex 2019/10/25 v1.7 ifvtex legacy package. Use iftex instead.
)
\Gm@cnth=\count302
\Gm@cntv=\count303
\c@Gm@tempcnt=\count304
\Gm@bindingoffset=\dimen186
\Gm@wd@mp=\dimen187
\Gm@odd@mp=\dimen188
\Gm@even@mp=\dimen189
\Gm@layoutwidth=\dimen190
\Gm@layoutheight=\dimen191
\Gm@layouthoffset=\dimen192
\Gm@layoutvoffset=\dimen193
\Gm@dimlist=\toks37
) (/usr/local/texlive/2022/texmf-dist/tex/latex/comment/comment.sty
\CommentStream=\write3
 Excluding comment 'comment') (/usr/local/texlive/2022/texmf-dist/tex/latex/base/inputenc.sty
Package: inputenc 2021/02/14 v1.3d Input encoding file
\inpenc@prehook=\toks38
\inpenc@posthook=\toks39
) (/usr/local/texlive/2022/texmf-dist/tex/latex/base/fontenc.sty
Package: fontenc 2021/04/29 v2.0v Standard LaTeX package
) (/usr/local/texlive/2022/texmf-dist/tex/latex/fourier/fourier.sty
Package: fourier 2022/02/05 2.3 fourier-GUTenberg package
Now handling font encoding FML ...
... no UTF-8 mapping file for font encoding FML
Now handling font encoding FMS ...
... no UTF-8 mapping file for font encoding FMS
Now handling font encoding FMX ...
... no UTF-8 mapping file for font encoding FMX
 (/usr/local/texlive/2022/texmf-dist/tex/latex/base/fontenc.sty
Package: fontenc 2021/04/29 v2.0v Standard LaTeX package
LaTeX Font Info:    Trying to load font information for T1+futs on input line 112.
 (/usr/local/texlive/2022/texmf-dist/tex/latex/fourier/t1futs.fd
File: t1futs.fd 2004/03/02 Fontinst v1.926 font definitions for T1/futs.
)) (/usr/local/texlive/2022/texmf-dist/tex/latex/base/textcomp.sty
Package: textcomp 2020/02/02 v2.0n Standard LaTeX package
) (/usr/local/texlive/2022/texmf-dist/tex/latex/fourier/fourier-orns.sty
Package: fourier-orns 2022/02/05 2.3 fourier-ornaments package
)
LaTeX Font Info:    Redeclaring symbol font `operators' on input line 63.
LaTeX Font Info:    Encoding `OT1' has changed to `T1' for symbol font
(Font)              `operators' in the math version `normal' on input line 63.
LaTeX Font Info:    Overwriting symbol font `operators' in version `normal'
(Font)                  OT1/cmr/m/n --> T1/futs/m/n on input line 63.
LaTeX Font Info:    Encoding `OT1' has changed to `T1' for symbol font
(Font)              `operators' in the math version `bold' on input line 63.
LaTeX Font Info:    Overwriting symbol font `operators' in version `bold'
(Font)                  OT1/cmr/bx/n --> T1/futs/m/n on input line 63.
LaTeX Font Info:    Overwriting symbol font `operators' in version `bold'
(Font)                  T1/futs/m/n --> T1/futs/b/n on input line 64.
LaTeX Font Info:    Redeclaring symbol font `letters' on input line 72.
LaTeX Font Info:    Encoding `OML' has changed to `FML' for symbol font
(Font)              `letters' in the math version `normal' on input line 72.
LaTeX Font Info:    Overwriting symbol font `letters' in version `normal'
(Font)                  OML/cmm/m/it --> FML/futmi/m/it on input line 72.
LaTeX Font Info:    Encoding `OML' has changed to `FML' for symbol font
(Font)              `letters' in the math version `bold' on input line 72.
LaTeX Font Info:    Overwriting symbol font `letters' in version `bold'
(Font)                  OML/cmm/b/it --> FML/futmi/m/it on input line 72.
\symotherletters=\mathgroup7
LaTeX Font Info:    Overwriting symbol font `letters' in version `bold'
(Font)                  FML/futmi/m/it --> FML/futmi/b/it on input line 74.
LaTeX Font Info:    Overwriting symbol font `otherletters' in version `bold'
(Font)                  FML/futm/m/it --> FML/futm/b/it on input line 75.
LaTeX Font Info:    Redeclaring math symbol \Gamma on input line 76.
LaTeX Font Info:    Redeclaring math symbol \Delta on input line 77.
LaTeX Font Info:    Redeclaring math symbol \Theta on input line 78.
LaTeX Font Info:    Redeclaring math symbol \Lambda on input line 79.
LaTeX Font Info:    Redeclaring math symbol \Xi on input line 80.
LaTeX Font Info:    Redeclaring math symbol \Pi on input line 81.
LaTeX Font Info:    Redeclaring math symbol \Sigma on input line 82.
LaTeX Font Info:    Redeclaring math symbol \Upsilon on input line 83.
LaTeX Font Info:    Redeclaring math symbol \Phi on input line 84.
LaTeX Font Info:    Redeclaring math symbol \Psi on input line 85.
LaTeX Font Info:    Redeclaring math symbol \Omega on input line 86.
LaTeX Font Info:    Redeclaring symbol font `symbols' on input line 126.
LaTeX Font Info:    Encoding `OMS' has changed to `FMS' for symbol font
(Font)              `symbols' in the math version `normal' on input line 126.
LaTeX Font Info:    Overwriting symbol font `symbols' in version `normal'
(Font)                  OMS/cmsy/m/n --> FMS/futm/m/n on input line 126.
LaTeX Font Info:    Encoding `OMS' has changed to `FMS' for symbol font
(Font)              `symbols' in the math version `bold' on input line 126.
LaTeX Font Info:    Overwriting symbol font `symbols' in version `bold'
(Font)                  OMS/cmsy/b/n --> FMS/futm/m/n on input line 126.
LaTeX Font Info:    Redeclaring symbol font `largesymbols' on input line 127.
LaTeX Font Info:    Encoding `OMX' has changed to `FMX' for symbol font
(Font)              `largesymbols' in the math version `normal' on input line 127.
LaTeX Font Info:    Overwriting symbol font `largesymbols' in version `normal'
(Font)                  OMX/cmex/m/n --> FMX/futm/m/n on input line 127.
LaTeX Font Info:    Encoding `OMX' has changed to `FMX' for symbol font
(Font)              `largesymbols' in the math version `bold' on input line 127.
LaTeX Font Info:    Overwriting symbol font `largesymbols' in version `bold'
(Font)                  OMX/cmex/m/n --> FMX/futm/m/n on input line 127.
LaTeX Font Info:    Redeclaring math alphabet \mathbf on input line 128.
LaTeX Font Info:    Overwriting math alphabet `\mathbf' in version `normal'
(Font)                  OT1/cmr/bx/n --> T1/futs/bx/n on input line 128.
LaTeX Font Info:    Overwriting math alphabet `\mathbf' in version `bold'
(Font)                  OT1/cmr/bx/n --> T1/futs/bx/n on input line 128.
LaTeX Font Info:    Redeclaring math alphabet \mathrm on input line 129.
LaTeX Font Info:    Redeclaring math alphabet \mathit on input line 130.
LaTeX Font Info:    Overwriting math alphabet `\mathit' in version `normal'
(Font)                  OT1/cmr/m/it --> T1/futs/m/it on input line 130.
LaTeX Font Info:    Overwriting math alphabet `\mathit' in version `bold'
(Font)                  OT1/cmr/bx/it --> T1/futs/m/it on input line 130.
LaTeX Font Info:    Redeclaring math alphabet \mathcal on input line 131.
LaTeX Font Info:    Redeclaring math symbol \parallel on input line 147.
LaTeX Font Info:    Redeclaring math symbol \hbar on input line 161.
LaTeX Font Info:    Redeclaring math symbol \square on input line 166.
LaTeX Font Info:    Redeclaring math symbol \varkappa on input line 199.
LaTeX Font Info:    Redeclaring math symbol \varvarrho on input line 200.
LaTeX Font Info:    Redeclaring math delimiter \Vert on input line 223.
LaTeX Font Info:    Redeclaring math delimiter \vert on input line 228.
LaTeX Font Info:    Redeclaring math delimiter \lvert on input line 230.
LaTeX Font Info:    Redeclaring math delimiter \rvert on input line 232.
LaTeX Font Info:    Redeclaring math delimiter \lVert on input line 234.
LaTeX Font Info:    Redeclaring math delimiter \rVert on input line 236.
LaTeX Font Info:    Redeclaring math delimiter \Downarrow on input line 238.
LaTeX Font Info:    Redeclaring math delimiter \backslash on input line 240.
LaTeX Font Info:    Redeclaring math delimiter \rangle on input line 242.
LaTeX Font Info:    Redeclaring math delimiter \langle on input line 244.
LaTeX Font Info:    Redeclaring math delimiter \rbrace on input line 246.
LaTeX Font Info:    Redeclaring math delimiter \lbrace on input line 248.
LaTeX Font Info:    Redeclaring math delimiter \rceil on input line 250.
LaTeX Font Info:    Redeclaring math delimiter \lceil on input line 252.
LaTeX Font Info:    Redeclaring math delimiter \rfloor on input line 254.
LaTeX Font Info:    Redeclaring math delimiter \lfloor on input line 256.
LaTeX Font Info:    Redeclaring math accent \acute on input line 260.
LaTeX Font Info:    Redeclaring math accent \grave on input line 261.
LaTeX Font Info:    Redeclaring math accent \ddot on input line 262.
LaTeX Font Info:    Redeclaring math accent \tilde on input line 263.
LaTeX Font Info:    Redeclaring math accent \bar on input line 264.
LaTeX Font Info:    Redeclaring math accent \breve on input line 265.
LaTeX Font Info:    Redeclaring math accent \check on input line 266.
LaTeX Font Info:    Redeclaring math accent \hat on input line 267.
LaTeX Font Info:    Redeclaring math accent \dot on input line 268.
LaTeX Font Info:    Redeclaring math accent \mathring on input line 269.
\symUfutm=\mathgroup8
) (/usr/local/texlive/2022/texmf-dist/tex/latex/tocbibind/tocbibind.sty
Package: tocbibind 2010/10/13 v1.5k extra ToC listings
Package tocbibind Info: The document has section divisions on input line 50.


Package tocbibind Note: Using section or other style headings.

) (/usr/local/texlive/2022/texmf-dist/tex/latex/cancel/cancel.sty
Package: cancel 2013/04/12 v2.2 Cancel math terms
) (/usr/local/texlive/2022/texmf-dist/tex/latex/bigints/bigints.sty
Package: bigints 2010/02/15 Writing big integrals
Package bigints Info: This is Bigints by Merciadri Luca. on input line 5.
) (/usr/local/texlive/2022/texmf-dist/tex/latex/parskip/parskip.sty
Package: parskip 2021-03-14 v2.0h non-zero parskip adjustments
 (/usr/local/texlive/2022/texmf-dist/tex/latex/etoolbox/etoolbox.sty
Package: etoolbox 2020/10/05 v2.5k e-TeX tools for LaTeX (JAW)
\etb@tempcnta=\count305
))
Package hyperref Info: Option `colorlinks' set `true' on input line 32.
 (/usr/local/texlive/2022/texmf-dist/tex/latex/l3backend/l3backend-pdftex.def
File: l3backend-pdftex.def 2022-02-07 L3 backend support: PDF output (pdfTeX)
\l__color_backend_stack_int=\count306
\l__pdf_internal_box=\box58
) (./Electrodynamics_Solved_Problems.aux)
\openout1 = `Electrodynamics_Solved_Problems.aux'.

LaTeX Font Info:    Checking defaults for OML/cmm/m/it on input line 34.
LaTeX Font Info:    ... okay on input line 34.
LaTeX Font Info:    Checking defaults for OMS/cmsy/m/n on input line 34.
LaTeX Font Info:    ... okay on input line 34.
LaTeX Font Info:    Checking defaults for OT1/cmr/m/n on input line 34.
LaTeX Font Info:    ... okay on input line 34.
LaTeX Font Info:    Checking defaults for T1/cmr/m/n on input line 34.
LaTeX Font Info:    ... okay on input line 34.
LaTeX Font Info:    Checking defaults for TS1/cmr/m/n on input line 34.
LaTeX Font Info:    ... okay on input line 34.
LaTeX Font Info:    Checking defaults for OMX/cmex/m/n on input line 34.
LaTeX Font Info:    ... okay on input line 34.
LaTeX Font Info:    Checking defaults for U/cmr/m/n on input line 34.
LaTeX Font Info:    ... okay on input line 34.
LaTeX Font Info:    Checking defaults for PD1/pdf/m/n on input line 34.
LaTeX Font Info:    ... okay on input line 34.
LaTeX Font Info:    Checking defaults for PU/pdf/m/n on input line 34.
LaTeX Font Info:    ... okay on input line 34.
LaTeX Font Info:    Checking defaults for FML/futm/m/it on input line 34.
LaTeX Font Info:    Trying to load font information for FML+futm on input line 34.
 (/usr/local/texlive/2022/texmf-dist/tex/latex/fourier/fmlfutm.fd
File: fmlfutm.fd 2004/10/30 Fontinst v1.926 font definitions for FML/futm.
)
LaTeX Font Info:    ... okay on input line 34.
LaTeX Font Info:    Checking defaults for FMS/futm/m/n on input line 34.
LaTeX Font Info:    Trying to load font information for FMS+futm on input line 34.
 (/usr/local/texlive/2022/texmf-dist/tex/latex/fourier/fmsfutm.fd
File: fmsfutm.fd 2004/10/30 Fontinst v1.926 font definitions for FMS/futm.
)
LaTeX Font Info:    ... okay on input line 34.
LaTeX Font Info:    Checking defaults for FMX/futm/m/n on input line 34.
LaTeX Font Info:    Trying to load font information for FMX+futm on input line 34.
 (/usr/local/texlive/2022/texmf-dist/tex/latex/fourier/fmxfutm.fd
File: fmxfutm.fd futm-extension
)
LaTeX Font Info:    ... okay on input line 34.
 (/usr/local/texlive/2022/texmf-dist/tex/context/base/mkii/supp-pdf.mkii
[Loading MPS to PDF converter (version 2006.09.02).]
\scratchcounter=\count307
\scratchdimen=\dimen194
\scratchbox=\box59
\nofMPsegments=\count308
\nofMParguments=\count309
\everyMPshowfont=\toks40
\MPscratchCnt=\count310
\MPscratchDim=\dimen195
\MPnumerator=\count311
\makeMPintoPDFobject=\count312
\everyMPtoPDFconversion=\toks41
) (/usr/local/texlive/2022/texmf-dist/tex/latex/epstopdf-pkg/epstopdf-base.sty
Package: epstopdf-base 2020-01-24 v2.11 Base part for package epstopdf
Package epstopdf-base Info: Redefining graphics rule for `.eps' on input line 485.
 (/usr/local/texlive/2022/texmf-dist/tex/latex/latexconfig/epstopdf-sys.cfg
File: epstopdf-sys.cfg 2010/07/13 v1.3 Configuration of (r)epstopdf for TeX Live
))
Package hyperref Info: Link coloring ON on input line 34.
 (/usr/local/texlive/2022/texmf-dist/tex/latex/hyperref/nameref.sty
Package: nameref 2021-04-02 v2.47 Cross-referencing by name of section
 (/usr/local/texlive/2022/texmf-dist/tex/latex/refcount/refcount.sty
Package: refcount 2019/12/15 v3.6 Data extraction from label references (HO)
) (/usr/local/texlive/2022/texmf-dist/tex/generic/gettitlestring/gettitlestring.sty
Package: gettitlestring 2019/12/15 v1.6 Cleanup title references (HO)
)
\c@section@level=\count313
)
LaTeX Info: Redefining \ref on input line 34.
LaTeX Info: Redefining \pageref on input line 34.
LaTeX Info: Redefining \nameref on input line 34.
 (./Electrodynamics_Solved_Problems.out) (./Electrodynamics_Solved_Problems.out)
\@outlinefile=\write4
\openout4 = `Electrodynamics_Solved_Problems.out'.

\c@lstlisting=\count314

*geometry* driver: auto-detecting
*geometry* detected driver: pdftex
*geometry* verbose mode - [ preamble ] result:
* driver: pdftex
* paper: a4paper
* layout: <same size as paper>
* layoutoffset:(h,v)=(0.0pt,0.0pt)
* modes: 
* h-part:(L,W,R)=(89.62709pt, 418.25368pt, 89.6271pt)
* v-part:(T,H,B)=(101.40665pt, 591.5302pt, 152.11pt)
* \paperwidth=597.50787pt
* \paperheight=845.04684pt
* \textwidth=418.25368pt
* \textheight=591.5302pt
* \oddsidemargin=17.3571pt
* \evensidemargin=17.3571pt
* \topmargin=-7.86334pt
* \headheight=12.0pt
* \headsep=25.0pt
* \topskip=12.0pt
* \footskip=30.0pt
* \marginparwidth=35.0pt
* \marginparsep=10.0pt
* \columnsep=10.0pt
* \skip\footins=10.8pt plus 4.0pt minus 2.0pt
* \hoffset=0.0pt
* \voffset=0.0pt
* \mag=1000
* \@twocolumnfalse
* \@twosidefalse
* \@mparswitchfalse
* \@reversemarginfalse
* (1in=72.27pt=25.4mm, 1cm=28.453pt)

LaTeX Font Info:    Redeclaring math accent \widehat on input line 34.
LaTeX Font Info:    Redeclaring math accent \widetilde on input line 34.
LaTeX Font Info:    Trying to load font information for FML+futmi on input line 41.
(/usr/local/texlive/2022/texmf-dist/tex/latex/fourier/fmlfutmi.fd
File: fmlfutmi.fd 2004/10/30 Fontinst v1.926 font definitions for FML/futmi.
)
LaTeX Font Info:    Font shape `FMX/futm/m/n' will be
(Font)              scaled to size 13.24796pt on input line 41.
LaTeX Font Info:    Font shape `FMX/futm/m/n' will be
(Font)              scaled to size 9.19998pt on input line 41.
LaTeX Font Info:    Font shape `FMX/futm/m/n' will be
(Font)              scaled to size 7.35999pt on input line 41.
LaTeX Font Info:    Trying to load font information for U+msa on input line 41.
 (/usr/local/texlive/2022/texmf-dist/tex/latex/amsfonts/umsa.fd
File: umsa.fd 2013/01/14 v3.01 AMS symbols A
)
LaTeX Font Info:    Trying to load font information for U+msb on input line 41.
 (/usr/local/texlive/2022/texmf-dist/tex/latex/amsfonts/umsb.fd
File: umsb.fd 2013/01/14 v3.01 AMS symbols B
)
LaTeX Font Info:    Trying to load font information for U+lasy on input line 41.
 (/usr/local/texlive/2022/texmf-dist/tex/latex/base/ulasy.fd
File: ulasy.fd 1998/08/17 v2.2e LaTeX symbol font definitions
)
LaTeX Font Info:    Font shape `U/futm/m/n' will be
(Font)              scaled to size 13.24796pt on input line 41.
LaTeX Font Info:    Font shape `U/futm/m/n' will be
(Font)              scaled to size 9.19998pt on input line 41.
LaTeX Font Info:    Font shape `U/futm/m/n' will be
(Font)              scaled to size 7.35999pt on input line 41.
 [1

{/usr/local/texlive/2022/texmf-var/fonts/map/pdftex/updmap/pdftex.map}] (./Electrodynamics_Solved_Problems.toc
LaTeX Font Info:    Font shape `FMX/futm/m/n' will be
(Font)              scaled to size 11.03998pt on input line 3.
LaTeX Font Info:    Font shape `FMX/futm/m/n' will be
(Font)              scaled to size 8.27998pt on input line 3.
LaTeX Font Info:    Font shape `FMX/futm/m/n' will be
(Font)              scaled to size 6.43999pt on input line 3.
LaTeX Font Info:    Font shape `U/futm/m/n' will be
(Font)              scaled to size 11.03998pt on input line 3.
LaTeX Font Info:    Font shape `U/futm/m/n' will be
(Font)              scaled to size 8.27998pt on input line 3.
LaTeX Font Info:    Font shape `U/futm/m/n' will be
(Font)              scaled to size 6.43999pt on input line 3.

Overfull \hbox (1.19994pt too wide) detected at line 122
 [][][]\T1/futs/m/n/12 107[][]
 []

)
\tf@toc=\write5
\openout5 = `Electrodynamics_Solved_Problems.toc'.

 [2]
LaTeX Font Info:    Font shape `T1/futs/bx/n' in size <12> not available
(Font)              Font shape `T1/futs/b/n' tried instead on input line 48.
LaTeX Font Info:    Font shape `T1/futs/bx/n' in size <9> not available
(Font)              Font shape `T1/futs/b/n' tried instead on input line 48.
LaTeX Font Info:    Font shape `T1/futs/bx/n' in size <7> not available
(Font)              Font shape `T1/futs/b/n' tried instead on input line 48.
LaTeX Font Info:    Font shape `FMX/futm/m/n' will be
(Font)              scaled to size 6.99199pt on input line 51.
LaTeX Font Info:    Font shape `FMX/futm/m/n' will be
(Font)              scaled to size 5.51999pt on input line 51.
LaTeX Font Info:    Font shape `T1/futs/bx/n' in size <10> not available
(Font)              Font shape `T1/futs/b/n' tried instead on input line 51.
LaTeX Font Info:    Font shape `T1/futs/bx/n' in size <7.6> not available
(Font)              Font shape `T1/futs/b/n' tried instead on input line 51.
LaTeX Font Info:    Font shape `T1/futs/bx/n' in size <6> not available
(Font)              Font shape `T1/futs/b/n' tried instead on input line 51.
LaTeX Font Info:    Font shape `U/futm/m/n' will be
(Font)              scaled to size 6.99199pt on input line 51.
LaTeX Font Info:    Font shape `U/futm/m/n' will be
(Font)              scaled to size 5.51999pt on input line 51.
LaTeX Font Info:    Trying to load font information for TS1+futs on input line 55.
 (/usr/local/texlive/2022/texmf-dist/tex/latex/fourier/ts1futs.fd
File: ts1futs.fd 2003/09/14 Fontinst v1.801 font definitions for TS1/futs.
) [3] [4] (./sections/problems/PED1.tex
Overfull \hbox (0.66452pt too wide) in paragraph at lines 12--13
[]\T1/futs/m/n/12 Do the same anal-y-sis with the change that the sphere is iso-lated and un-charged.
 []

[5]
Overfull \hbox (2.77652pt too wide) in paragraph at lines 53--54
[]\T1/futs/m/n/12 Using Dirich-let bound-ary con-di-tions, show that the po-ten-tial out-side the sphere
 []

[6]
Overfull \hbox (5.45805pt too wide) detected at line 91
[][][]\FML/futmi/m/it/12 g[] [] \FMS/futm/m/n/12 Å [] Ä [] []
 []

) (./sections/problems/PED2.tex [7]
<figures/shells.png, id=202, 502.87875pt x 251.94125pt>
File: figures/shells.png Graphic file (type png)
<use figures/shells.png>
Package pdftex.def Info: figures/shells.png  used on input line 28.
(pdftex.def)             Requested size: 227.62204pt x 114.03757pt.
 [8
pdfTeX warning (ext4): destination with the same identifier (name{figure.1}) has been already used, duplicate ignored
<argument> ...shipout:D \box_use:N \l_shipout_box 
                                                  \__shipout_drop_firstpage_...
l.34 
      <./figures/shells.png>]) (./sections/problems/PED3.tex
<figures/spheredielectric.png, id=221, 265.99374pt x 120.45pt>
File: figures/spheredielectric.png Graphic file (type png)
<use figures/spheredielectric.png>
Package pdftex.def Info: figures/spheredielectric.png  used on input line 8.
(pdftex.def)             Requested size: 170.71652pt x 77.30643pt.
 [9
pdfTeX warning (ext4): destination with the same identifier (name{figure.2}) has been already used, duplicate ignored
<argument> ...shipout:D \box_use:N \l_shipout_box 
                                                  \__shipout_drop_firstpage_...
l.25 
      <./figures/spheredielectric.png>]
Overfull \hbox (6.36456pt too wide) in paragraph at lines 42--43
[]\T1/futs/m/n/12 Finally imag-ine that the space in be-tween the two spheres is filled with a medium
 []

[10]) (./sections/problems/PED4.tex
Overfull \hbox (23.11778pt too wide) in paragraph at lines 14--15
\T1/futs/m/n/12 scribe the po-lar-iza-tion. For which val-ues of $\FML/futmi/m/it/12 A; B$ \T1/futs/m/n/12 and $\FML/futmi/m/it/12 ^^^$ \T1/futs/m/n/12 the po-lar-iza-tion parametrizes
 []

[11] [12] [13]) (./sections/problems/PED5.tex
<figures/crossbeams.png, id=315, 315.1775pt x 230.8625pt>
File: figures/crossbeams.png Graphic file (type png)
<use figures/crossbeams.png>
Package pdftex.def Info: figures/crossbeams.png  used on input line 17.
(pdftex.def)             Requested size: 227.62204pt x 166.73164pt.


LaTeX Warning: `h' float specifier changed to `ht'.

[14]
<figures/2waveguides.png, id=338, 315.1775pt x 132.495pt>
File: figures/2waveguides.png Graphic file (type png)
<use figures/2waveguides.png>
Package pdftex.def Info: figures/2waveguides.png  used on input line 38.
(pdftex.def)             Requested size: 227.62204pt x 95.68945pt.


LaTeX Warning: `h' float specifier changed to `ht'.

[15
pdfTeX warning (ext4): destination with the same identifier (name{figure.3}) has been already used, duplicate ignored
<argument> ...shipout:D \box_use:N \l_shipout_box 
                                                  \__shipout_drop_firstpage_...
l.50 \end{equation}
                    <./figures/crossbeams.png>]
<figures/6waves.png, id=354, 232.87pt x 132.495pt>
File: figures/6waves.png Graphic file (type png)
<use figures/6waves.png>
Package pdftex.def Info: figures/6waves.png  used on input line 55.
(pdftex.def)             Requested size: 227.62204pt x 129.51465pt.


LaTeX Warning: Hyper reference `Cutting off the modes' on page 16 undefined on input line 60.

<figures/examdec19p3.png, id=356, 405.515pt x 265.99374pt>
File: figures/examdec19p3.png Graphic file (type png)
<use figures/examdec19p3.png>
Package pdftex.def Info: figures/examdec19p3.png  used on input line 69.
(pdftex.def)             Requested size: 227.62204pt x 149.30858pt.
[16
pdfTeX warning (ext4): destination with the same identifier (name{figure.4}) has been already used, duplicate ignored
<argument> ...shipout:D \box_use:N \l_shipout_box 
                                                  \__shipout_drop_firstpage_...
l.72 \end{figure}
                 
pdfTeX warning (ext4): destination with the same identifier (name{figure.5}) has been already used, duplicate ignored
<argument> ...shipout:D \box_use:N \l_shipout_box 
                                                  \__shipout_drop_firstpage_...
l.72 \end{figure}
                  <./figures/2waveguides.png> <./figures/6waves.png>] [17
pdfTeX warning (ext4): destination with the same identifier (name{figure.6}) has been already used, duplicate ignored
<argument> ...shipout:D \box_use:N \l_shipout_box 
                                                  \__shipout_drop_firstpage_...
l.100 	\end{enumerate}
                       <./figures/examdec19p3.png>]
<figures/examoct20p4.png, id=382, 438.63875pt x 181.67876pt>
File: figures/examoct20p4.png Graphic file (type png)
<use figures/examoct20p4.png>
Package pdftex.def Info: figures/examoct20p4.png  used on input line 109.
(pdftex.def)             Requested size: 341.43306pt x 141.42053pt.
) (./sections/problems/PED6.tex [18 <./figures/examoct20p4.png>]
LaTeX Font Info:    Font shape `U/lasy/b/n' in size <9> not available
(Font)              Font shape `U/lasy/m/n' tried instead on input line 30.
LaTeX Font Info:    Font shape `U/lasy/b/n' in size <7> not available
(Font)              Font shape `U/lasy/m/n' tried instead on input line 30.
 [19] [20] [21]
<figures/p2examoct19.png, id=460, 261.97874pt x 262.9825pt>
File: figures/p2examoct19.png Graphic file (type png)
<use figures/p2examoct19.png>
Package pdftex.def Info: figures/p2examoct19.png  used on input line 112.
(pdftex.def)             Requested size: 227.62204pt x 228.49998pt.

Overfull \hbox (2.30981pt too wide) in paragraph at lines 120--121
\T1/futs/m/n/12 ing-ful. De-ter-mine the vec-tor po-ten-tial $[]([]\FML/futmi/m/it/12 ; !\T1/futs/m/n/12 )$ in Lorentz gauge due to the dipole
 []


LaTeX Warning: Hyper reference `E: One... Err, Two Antennas' on page 22 undefined on input line 125.

[22
pdfTeX warning (ext4): destination with the same identifier (name{figure.7}) has been already used, duplicate ignored
<argument> ...shipout:D \box_use:N \l_shipout_box 
                                                  \__shipout_drop_firstpage_...
l.128 
       <./figures/p2examoct19.png>]
<figures/examdec19p2.png, id=472, 405.515pt x 265.99374pt>
File: figures/examdec19p2.png Graphic file (type png)
<use figures/examdec19p2.png>
Package pdftex.def Info: figures/examdec19p2.png  used on input line 136.
(pdftex.def)             Requested size: 227.62204pt x 149.30858pt.
 [23
pdfTeX warning (ext4): destination with the same identifier (name{figure.8}) has been already used, duplicate ignored
<argument> ...shipout:D \box_use:N \l_shipout_box 
                                                  \__shipout_drop_firstpage_...
l.156 		\item D
               oes the electric field you found above vanish somewhere along... <./figures/examdec19p2.png>]
<figures/examoct20p3.png, id=488, 363.3575pt x 280.04625pt>
File: figures/examoct20p3.png Graphic file (type png)
<use figures/examoct20p3.png>
Package pdftex.def Info: figures/examoct20p3.png  used on input line 173.
(pdftex.def)             Requested size: 227.62204pt x 175.4344pt.
 [24
pdfTeX warning (ext4): destination with the same identifier (name{figure.9}) has been already used, duplicate ignored
<argument> ...shipout:D \box_use:N \l_shipout_box 
                                                  \__shipout_drop_firstpage_...
l.183 \end{enumerate}
                      <./figures/examoct20p3.png>]) (./sections/problems/PED7.tex [25] [26] [27] [28] [29]) (./sections/problems/PED8.tex

LaTeX Warning: Hyper reference `A Relativistic Particle Coupled to a Scalar Field' on page 30 undefined on input line 3.


LaTeX Warning: Hyper reference `One-Dimensional Massive Scalar Field' on page 30 undefined on input line 13.

[30]

LaTeX Warning: Hyper reference `Introduction to Lagrangian Manipulations' on page 31 undefined on input line 24.


Overfull \hbox (1.27652pt too wide) in paragraph at lines 34--35
[]\T1/futs/m/n/12 Show ex-plic-itly, and with those pre-vi-ous as-sump-tions, that this La-grangian den-
 []


LaTeX Warning: Hyper reference `Coupling Extra Fields to amu' on page 31 undefined on input line 37.


Overfull \hbox (5.78181pt too wide) in paragraph at lines 39--40
\T1/futs/m/n/12 An ax-ionic field [][][][][] $\FML/futmi/m/it/12 a\T1/futs/m/n/12 (\FML/futmi/m/it/12 x\T1/futs/m/n/12 )$ is cou-pled to a gauge field $\FML/futmi/m/it/12 A[]\T1/futs/m/n/12 ([])$ with an as-so-ci-ated field strength
 []

[31]

LaTeX Warning: Hyper reference `E: Ponderous Light' on page 32 undefined on input line 58.

) (./sections/problems/PED9.tex

LaTeX Warning: Hyper reference `Emission Rates by Lorentz Transformation' on page 32 undefined on input line 4.


LaTeX Warning: Hyper reference `A Merry Go Round of Radiating Particles' on page 32 undefined on input line 8.

[32]

LaTeX Warning: Hyper reference `The Direction of the Velocity Field' on page 33 undefined on input line 12.


LaTeX Warning: Hyper reference `Radiating 14.4 Jackson Problem' on page 33 undefined on input line 16.


LaTeX Warning: Hyper reference `A Fast Particle in a Constant Electric Field' on page 33 undefined on input line 25.


LaTeX Warning: Hyper reference `A Ringy Radiating Problem' on page 33 undefined on input line 35.

[33]) (./sections/solutions/SED1.tex [34] [35]
<figures/MirrorCharge.png, id=687, 1121.28pt x 1121.28pt>
File: figures/MirrorCharge.png Graphic file (type png)
<use figures/MirrorCharge.png>
Package pdftex.def Info: figures/MirrorCharge.png  used on input line 83.
(pdftex.def)             Requested size: 256.0748pt x 256.07538pt.
 [36
pdfTeX warning (ext4): destination with the same identifier (name{figure.10}) has been already used, duplicate ignored
<argument> ...shipout:D \box_use:N \l_shipout_box 
                                                  \__shipout_drop_firstpage_...
l.93 \end{equation}
                    <./figures/MirrorCharge.png>] [37] [38]
<figures/capacitoroff.png, id=722, 321.2pt x 282.05376pt>
File: figures/capacitoroff.png Graphic file (type png)
<use figures/capacitoroff.png>
Package pdftex.def Info: figures/capacitoroff.png  used on input line 177.
(pdftex.def)             Requested size: 227.62204pt x 199.88513pt.
 [39
pdfTeX warning (ext4): destination with the same identifier (name{figure.11}) has been already used, duplicate ignored
<argument> ...shipout:D \box_use:N \l_shipout_box 
                                                  \__shipout_drop_firstpage_...
l.191 
       <./figures/capacitoroff.png>] [40]
<figures/SphericalCavity.png, id=746, 1121.28pt x 1121.28pt>
File: figures/SphericalCavity.png Graphic file (type png)
<use figures/SphericalCavity.png>
Package pdftex.def Info: figures/SphericalCavity.png  used on input line 243.
(pdftex.def)             Requested size: 227.62204pt x 227.62256pt.
 [41
pdfTeX warning (ext4): destination with the same identifier (name{figure.12}) has been already used, duplicate ignored
<argument> ...shipout:D \box_use:N \l_shipout_box 
                                                  \__shipout_drop_firstpage_...
l.252 \end{equation}
                     <./figures/SphericalCavity.png>] [42] [43]
<figures/Concentric.png, id=778, 1121.28pt x 1121.28pt>
File: figures/Concentric.png Graphic file (type png)
<use figures/Concentric.png>
Package pdftex.def Info: figures/Concentric.png  used on input line 328.
(pdftex.def)             Requested size: 199.16928pt x 199.16974pt.
 [44
pdfTeX warning (ext4): destination with the same identifier (name{figure.13}) has been already used, duplicate ignored
<argument> ...shipout:D \box_use:N \l_shipout_box 
                                                  \__shipout_drop_firstpage_...
l.343 \end{equation}
                     <./figures/Concentric.png>] [45] [46] [47]) (./sections/solutions/SED2.tex
<figures/Quadrupole.png, id=824, 807.015pt x 735.2925pt>
File: figures/Quadrupole.png Graphic file (type png)
<use figures/Quadrupole.png>
Package pdftex.def Info: figures/Quadrupole.png  used on input line 10.
(pdftex.def)             Requested size: 199.16928pt x 181.46654pt.


LaTeX Warning: `h' float specifier changed to `ht'.

[48]
Overfull \hbox (15.09645pt too wide) detected at line 48
[]
 []

[49
pdfTeX warning (ext4): destination with the same identifier (name{figure.14}) has been already used, duplicate ignored
<argument> ...shipout:D \box_use:N \l_shipout_box 
                                                  \__shipout_drop_firstpage_...
l.48 \end{equation}
                    <./figures/Quadrupole.png>] [50] [51]
<figures/Fidgetspinners.png, id=861, 523.9575pt x 394.7475pt>
File: figures/Fidgetspinners.png Graphic file (type png)
<use figures/Fidgetspinners.png>
Package pdftex.def Info: figures/Fidgetspinners.png  used on input line 148.
(pdftex.def)             Requested size: 227.62204pt x 171.48488pt.


LaTeX Warning: `h' float specifier changed to `ht'.

[52] [53
pdfTeX warning (ext4): destination with the same identifier (name{figure.15}) has been already used, duplicate ignored
<argument> ...shipout:D \box_use:N \l_shipout_box 
                                                  \__shipout_drop_firstpage_...
l.195 
       <./figures/Fidgetspinners.png>]) (./sections/solutions/SED3.tex [54] [55]
<figures/Gladys.png, id=900, 561.7788pt x 364.7226pt>
File: figures/Gladys.png Graphic file (type png)
<use figures/Gladys.png>
Package pdftex.def Info: figures/Gladys.png  used on input line 109.
(pdftex.def)             Requested size: 227.62204pt x 147.77861pt.


LaTeX Warning: `!h' float specifier changed to `!ht'.

[56]
<figures/PolarisatedBall.png, id=911, 256.96pt x 177.66376pt>
File: figures/PolarisatedBall.png Graphic file (type png)
<use figures/PolarisatedBall.png>
Package pdftex.def Info: figures/PolarisatedBall.png  used on input line 151.
(pdftex.def)             Requested size: 227.62204pt x 157.38286pt.


LaTeX Warning: `!h' float specifier changed to `!ht'.

[57
pdfTeX warning (ext4): destination with the same identifier (name{figure.16}) has been already used, duplicate ignored
<argument> ...shipout:D \box_use:N \l_shipout_box 
                                                  \__shipout_drop_firstpage_...
l.157 	
        <./figures/Gladys.png>] [58
pdfTeX warning (ext4): destination with the same identifier (name{figure.17}) has been already used, duplicate ignored
<argument> ...shipout:D \box_use:N \l_shipout_box 
                                                  \__shipout_drop_firstpage_...
l.192 T
       he capacitor system with two plates can vary its width, as the dielec... <./figures/PolarisatedBall.png>]
Underfull \hbox (badness 10000) in paragraph at lines 192--193

 []

<figures/PotentialConstraint.png, id=929, 352.31625pt x 220.825pt>
File: figures/PotentialConstraint.png Graphic file (type png)
<use figures/PotentialConstraint.png>
Package pdftex.def Info: figures/PotentialConstraint.png  used on input line 215.
(pdftex.def)             Requested size: 145.10922pt x 90.9499pt.
[59
pdfTeX warning (ext4): destination with the same identifier (name{figure.18}) has been already used, duplicate ignored
<argument> ...shipout:D \box_use:N \l_shipout_box 
                                                  \__shipout_drop_firstpage_...
l.221 
       <./figures/PotentialConstraint.png>]) (./sections/solutions/SED4.tex [60] [61]
Overfull \hbox (11.54619pt too wide) detected at line 102
[]
 []

[62]
<figures/Sandwich.png, id=982, 897.9pt x 1292.1pt>
File: figures/Sandwich.png Graphic file (type png)
<use figures/Sandwich.png>
Package pdftex.def Info: figures/Sandwich.png  used on input line 111.
(pdftex.def)             Requested size: 199.16928pt x 286.60907pt.
 [63
pdfTeX warning (ext4): destination with the same identifier (name{figure.19}) has been already used, duplicate ignored
<argument> ...shipout:D \box_use:N \l_shipout_box 
                                                  \__shipout_drop_firstpage_...
l.124 \end{equation}
                     <./figures/Sandwich.png>] [64] [65] [66] [67] [68] [69] [70] [71]
<figures/X3plane.png, id=1067, 1121.28pt x 1121.28pt>
File: figures/X3plane.png Graphic file (type png)
<use figures/X3plane.png>
Package pdftex.def Info: figures/X3plane.png  used on input line 426.
(pdftex.def)             Requested size: 170.71652pt x 170.71692pt.
 [72
pdfTeX warning (ext4): destination with the same identifier (name{figure.20}) has been already used, duplicate ignored
<argument> ...shipout:D \box_use:N \l_shipout_box 
                                                  \__shipout_drop_firstpage_...
l.449 \end{equation}
                     <./figures/X3plane.png>]
Underfull \hbox (badness 10000) in paragraph at lines 466--467

 []

[73] [74]
<figures/X1x3plane.png, id=1101, 1121.28pt x 1121.28pt>
File: figures/X1x3plane.png Graphic file (type png)
<use figures/X1x3plane.png>
Package pdftex.def Info: figures/X1x3plane.png  used on input line 526.
(pdftex.def)             Requested size: 170.71652pt x 170.71692pt.
 [75
pdfTeX warning (ext4): destination with the same identifier (name{figure.21}) has been already used, duplicate ignored
<argument> ...shipout:D \box_use:N \l_shipout_box 
                                                  \__shipout_drop_firstpage_...
l.540 \begin{equation}
                       <./figures/X1x3plane.png>]) (./sections/solutions/SED5.tex
File: figures/crossbeams.png Graphic file (type png)
<use figures/crossbeams.png>
Package pdftex.def Info: figures/crossbeams.png  used on input line 17.
(pdftex.def)             Requested size: 170.71652pt x 125.04785pt.


LaTeX Warning: `!h' float specifier changed to `!ht'.

[76] [77
pdfTeX warning (ext4): destination with the same identifier (name{figure.22}) has been already used, duplicate ignored
<argument> ...shipout:D \box_use:N \l_shipout_box 
                                                  \__shipout_drop_firstpage_...
l.50 \begin{equation}
                     ] [78]
<figures/electrocrosswalk.png, id=1141, 381.425pt x 288.07625pt>
File: figures/electrocrosswalk.png Graphic file (type png)
<use figures/electrocrosswalk.png>
Package pdftex.def Info: figures/electrocrosswalk.png  used on input line 91.
(pdftex.def)             Requested size: 170.71652pt x 128.93419pt.
<figures/waveguide_discontinuity.png, id=1142, 298.11375pt x 211.79124pt>
File: figures/waveguide_discontinuity.png Graphic file (type png)
<use figures/waveguide_discontinuity.png>
Package pdftex.def Info: figures/waveguide_discontinuity.png  used on input line 105.
(pdftex.def)             Requested size: 199.16928pt x 141.49866pt.
 [79
pdfTeX warning (ext4): destination with the same identifier (name{figure.23}) has been already used, duplicate ignored
<argument> ...shipout:D \box_use:N \l_shipout_box 
                                                  \__shipout_drop_firstpage_...
l.112 
       <./figures/electrocrosswalk.png> <./figures/waveguide_discontinuity.png>]
File: figures/2waveguides.png Graphic file (type png)
<use figures/2waveguides.png>
Package pdftex.def Info: figures/2waveguides.png  used on input line 153.
(pdftex.def)             Requested size: 227.62204pt x 95.68945pt.
 [80] [81]
File: figures/6waves.png Graphic file (type png)
<use figures/6waves.png>
Package pdftex.def Info: figures/6waves.png  used on input line 192.
(pdftex.def)             Requested size: 227.62204pt x 129.51465pt.
 [82
pdfTeX warning (ext4): destination with the same identifier (name{figure.24}) has been already used, duplicate ignored
<argument> ...shipout:D \box_use:N \l_shipout_box 
                                                  \__shipout_drop_firstpage_...
l.217 \end{equation}
                    ]
<figures/BatinCavity.png, id=1176, 285.065pt x 212.795pt>
File: figures/BatinCavity.png Graphic file (type png)
<use figures/BatinCavity.png>
Package pdftex.def Info: figures/BatinCavity.png  used on input line 247.
(pdftex.def)             Requested size: 170.71652pt x 127.43445pt.


LaTeX Warning: `h' float specifier changed to `ht'.

[83] [84
pdfTeX warning (ext4): destination with the same identifier (name{figure.25}) has been already used, duplicate ignored
<argument> ...shipout:D \box_use:N \l_shipout_box 
                                                  \__shipout_drop_firstpage_...
l.285 \begin{equation}
                      \label{cutoff} <./figures/BatinCavity.png>] [85]) (./sections/solutions/SED6.tex
<figures/Dipolerad.png, id=1210, 709.0125pt x 655.905pt>
File: figures/Dipolerad.png Graphic file (type png)
<use figures/Dipolerad.png>
Package pdftex.def Info: figures/Dipolerad.png  used on input line 8.
(pdftex.def)             Requested size: 227.62204pt x 210.57445pt.
 [86
pdfTeX warning (ext4): destination with the same identifier (name{figure.26}) has been already used, duplicate ignored
<argument> ...shipout:D \box_use:N \l_shipout_box 
                                                  \__shipout_drop_firstpage_...
l.17 \end{equation}
                    <./figures/Dipolerad.png>] [87] [88] [89]
<figures/Metallicshells.png, id=1258, 706.8225pt x 682.7325pt>
File: figures/Metallicshells.png Graphic file (type png)
<use figures/Metallicshells.png>
Package pdftex.def Info: figures/Metallicshells.png  used on input line 140.
(pdftex.def)             Requested size: 227.62204pt x 219.86441pt.


LaTeX Warning: `h' float specifier changed to `ht'.


Overfull \hbox (0.92986pt too wide) in paragraph at lines 145--146
[]\T1/futs/m/n/12 One can de-rive the po-ten-tial for this sys-tem us-ing Green func-tions and proper bound-
 []

[90] [91
pdfTeX warning (ext4): destination with the same identifier (name{figure.27}) has been already used, duplicate ignored
<argument> ...shipout:D \box_use:N \l_shipout_box 
                                                  \__shipout_drop_firstpage_...
l.166 \end{equation}
                     <./figures/Metallicshells.png>] [92] [93]
<figures/sinuantenna.png, id=1295, 710.1075pt x 663.0225pt>
File: figures/sinuantenna.png Graphic file (type png)
<use figures/sinuantenna.png>
Package pdftex.def Info: figures/sinuantenna.png  used on input line 258.
(pdftex.def)             Requested size: 227.62204pt x 212.52562pt.
 [94
pdfTeX warning (ext4): destination with the same identifier (name{figure.28}) has been already used, duplicate ignored
<argument> ...shipout:D \box_use:N \l_shipout_box 
                                                  \__shipout_drop_firstpage_...
l.278 \end{equation}
                     <./figures/sinuantenna.png>] [95] [96]
<figures/Scatteringsphere.png, id=1322, 665.2125pt x 632.91pt>
File: figures/Scatteringsphere.png Graphic file (type png)
<use figures/Scatteringsphere.png>
Package pdftex.def Info: figures/Scatteringsphere.png  used on input line 377.
(pdftex.def)             Requested size: 227.62204pt x 216.56757pt.
 [97
pdfTeX warning (ext4): destination with the same identifier (name{figure.29}) has been already used, duplicate ignored
<argument> ...shipout:D \box_use:N \l_shipout_box 
                                                  \__shipout_drop_firstpage_...
l.387 	
        <./figures/Scatteringsphere.png>] [98] [99] [100]
<figures/cubegeometry.png, id=1361, 327.2225pt x 186.6975pt>
File: figures/cubegeometry.png Graphic file (type png)
<use figures/cubegeometry.png>
Package pdftex.def Info: figures/cubegeometry.png  used on input line 508.
(pdftex.def)             Requested size: 227.62204pt x 129.86975pt.

Overfull \hbox (16.23946pt too wide) detected at line 517
[][][][] \FML/futmi/m/it/12 ^^[[] \FMS/futm/m/n/12 Å [] [] \FML/futmi/m/it/12 d\FML/futm/m/it/12 
[][] \FMS/futm/m/n/12 ^^Y [] [][] [] \FML/futmi/m/it/12 dq[][] [] dq[][]:
 []

[101
pdfTeX warning (ext4): destination with the same identifier (name{figure.30}) has been already used, duplicate ignored
<argument> ...shipout:D \box_use:N \l_shipout_box 
                                                  \__shipout_drop_firstpage_...
l.517 \end{equation}
                     <./figures/cubegeometry.png>] [102] [103] [104] [105] [106]) (./sections/solutions/SED7.tex [107] [108] [109] [110] [111]
Underfull \hbox (badness 10000) in paragraph at lines 230--231

 []


Underfull \hbox (badness 10000) in paragraph at lines 237--238

 []


Underfull \hbox (badness 10000) in paragraph at lines 244--245

 []

[112] [113]

LaTeX Warning: Command \r invalid in math mode on input line 340.


LaTeX Warning: Command \r invalid in math mode on input line 340.

[114] [115] [116] [117]
Overfull \hbox (3.65381pt too wide) in paragraph at lines 493--494
[]\T1/futs/m/n/12 The first part of this cal-cu-la-tion is some-thing easy from el-e-men-tary elec-tro-mag-netism.
 []

[118] [119] [120] [121] [122]) [123] [124] (./Electrodynamics_Solved_Problems.aux)

LaTeX Warning: There were undefined references.

Package rerunfilecheck Info: File `Electrodynamics_Solved_Problems.out' has not changed.
(rerunfilecheck)             Checksum: EE51467FA74C30595EB530A2388981C4;4113.
 ) 
Here is how much of TeX's memory you used:
 16544 strings out of 478268
 261918 string characters out of 5846347
 578621 words of memory out of 5000000
 33476 multiletter control sequences out of 15000+600000
 609871 words of font info for 187 fonts, out of 8000000 for 9000
 1141 hyphenation exceptions out of 8191
 68i,27n,76p,1172b,572s stack positions out of 10000i,1000n,20000p,200000b,200000s

pdfTeX warning (dest): name{daniel.panizo@physics.uu.se} has been referenced but does not exist, replaced by a fixed one

{/usr/local/texlive/2022/texmf-dist/fonts/enc/dvips/base/8r.enc}</usr/local/texlive/2022/texmf-dist/fonts/type1/public/fourier/fourier-bb.pfb></usr/local/texlive/2022/texmf-dist/fonts/type1/public/fourier/fourier-mcl.pfb></usr/local/texlive/2022/texmf-dist/fonts/type1/public/fourier/fourier-mex.pfb></usr/local/texlive/2022/texmf-dist/fonts/type1/public/fourier/fourier-ml.pfb></usr/local/texlive/2022/texmf-dist/fonts/type1/public/fourier/fourier-mlit.pfb></usr/local/texlive/2022/texmf-dist/fonts/type1/public/fourier/fourier-mlitb.pfb></usr/local/texlive/2022/texmf-dist/fonts/type1/public/fourier/fourier-ms.pfb></usr/local/texlive/2022/texmf-dist/fonts/type1/public/amsfonts/latxfont/line10.pfb></usr/local/texlive/2022/texmf-dist/fonts/type1/adobe/utopia/putb8a.pfb></usr/local/texlive/2022/texmf-dist/fonts/type1/adobe/utopia/putr8a.pfb></usr/local/texlive/2022/texmf-dist/fonts/type1/adobe/utopia/putri8a.pfb>
Output written on Electrodynamics_Solved_Problems.pdf (124 pages, 4833524 bytes).
PDF statistics:
 1823 PDF objects out of 2073 (max. 8388607)
 1592 compressed objects within 16 object streams
 874 named destinations out of 1000 (max. 500000)
 327 words of extra memory for PDF output out of 10000 (max. 10000000)

